
R version 3.5.1 (2018-07-02) -- "Feather Spray"
Copyright (C) 2018 The R Foundation for Statistical Computing
Platform: x86_64-pc-linux-gnu (64-bit)

R is free software and comes with ABSOLUTELY NO WARRANTY.
You are welcome to redistribute it under certain conditions.
Type 'license()' or 'licence()' for distribution details.

R is a collaborative project with many contributors.
Type 'contributors()' for more information and
'citation()' on how to cite R or R packages in publications.

Type 'demo()' for some demos, 'help()' for on-line help, or
'help.start()' for an HTML browser interface to help.
Type 'q()' to quit R.

During startup - Warning messages:
1: Setting LC_CTYPE failed, using "C" 
2: Setting LC_COLLATE failed, using "C" 
3: Setting LC_TIME failed, using "C" 
4: Setting LC_MESSAGES failed, using "C" 
5: Setting LC_MONETARY failed, using "C" 
6: Setting LC_PAPER failed, using "C" 
7: Setting LC_MEASUREMENT failed, using "C" 
> clustermq:::worker("tcp://gisc:6038")
Master: tcp://gisc:6038
WORKER_UP to: tcp://gisc:6038
> DO_SETUP (0.225s wait)
token from msg: set_common_data_token
> DO_CALL (0.000s wait)

Attaching package: 'BBmisc'

The following object is masked from 'package:base':

    isFALSE


Attaching package: 'purrr'

The following object is masked from 'package:magrittr':

    set_names

Linking to GEOS 3.6.2, GDAL 2.3.3, PROJ 5.0.1

Attaching package: 'dplyr'

The following objects are masked from 'package:BBmisc':

    coalesce, collapse

The following objects are masked from 'package:stats':

    filter, lag

The following objects are masked from 'package:base':

    intersect, setdiff, setequal, union

Linking to liblwgeom 2.5.0dev r16016, GEOS 3.6.2, PROJ 5.0.1
rgdal: version: 1.3-9, (SVN revision 794)
 Geospatial Data Abstraction Library extensions to R successfully loaded
 Loaded GDAL runtime: GDAL 2.3.3, released 2018/12/14
 Path to GDAL shared files: /opt/spack/opt/spack/linux-centos7-x86_64/gcc-7.3.0/gdal-2.3.3-yjyzinxu3feva2sn7p7mcruqvow6lei2/share/gdal
 GDAL binary built with GEOS: TRUE 
 Loaded PROJ.4 runtime: Rel. 5.0.1, April 1st, 2018, [PJ_VERSION: 501]
 Path to PROJ.4 shared files: (autodetected)
 Linking to sp version: 1.3-1 

Attaching package: 'rgdal'

The following object is masked from 'package:smoof':

    getDescription


Attaching package: 'raster'

The following object is masked from 'package:dplyr':

    select

The following object is masked from 'package:magrittr':

    extract

The following object is masked from 'package:mlr':

    resample

The following object is masked from 'package:ParamHelpers':

    getValues


Attaching package: 'rasterVis'

The following object is masked from 'package:smoof':

    plot3D


Attaching package: 'glue'

The following object is masked from 'package:raster':

    trim

The following object is masked from 'package:dplyr':

    collapse

The following object is masked from 'package:BBmisc':

    collapse


Attaching package: 'shapefiles'

The following objects are masked from 'package:foreign':

    read.dbf, write.dbf

------------------------------------------------------------------------------
You have loaded plyr after dplyr - this is likely to cause problems.
If you need functions from both plyr and dplyr, please load plyr first, then dplyr:
library(plyr); library(dplyr)
------------------------------------------------------------------------------

Attaching package: 'plyr'

The following objects are masked from 'package:dplyr':

    arrange, count, desc, failwith, id, mutate, rename, summarise,
    summarize

The following object is masked from 'package:purrr':

    compact

GSIF version 0.5-5 (2019-01-04)
URL: http://gsif.r-forge.r-project.org/

Attaching package: 'GSIF'

The following object is masked from 'package:smoof':

    getID


Attaching package: 'R.oo'

The following object is masked from 'package:glue':

    trim

The following objects are masked from 'package:raster':

    extend, trim

The following object is masked from 'package:rgdal':

    getDescription

The following objects are masked from 'package:smoof':

    getDescription, getName

The following object is masked from 'package:magrittr':

    equals

The following object is masked from 'package:drake':

    check

The following objects are masked from 'package:methods':

    getClasses, getMethods

The following objects are masked from 'package:base':

    attach, detach, gc, load, save


Attaching package: 'R.utils'

The following objects are masked from 'package:GSIF':

    extract, validate

The following objects are masked from 'package:raster':

    extract, resample

The following object is masked from 'package:checkmate':

    asInt

The following objects are masked from 'package:BBmisc':

    getRelativePath, insert, isDirectory, setValue

The following object is masked from 'package:magrittr':

    extract

The following objects are masked from 'package:mlr':

    resample, setThreshold

The following object is masked from 'package:ParamHelpers':

    isVector

The following object is masked from 'package:drake':

    evaluate

The following object is masked from 'package:utils':

    timestamp

The following objects are masked from 'package:base':

    cat, commandArgs, getOption, inherits, isOpen, parse, warnings

##  rgenoud (Version 5.8-3.0, Build Date: 2019-01-22)
##  See http://sekhon.berkeley.edu/rgenoud for additional documentation.
##  Please cite software as:
##   Walter Mebane, Jr. and Jasjeet S. Sekhon. 2011.
##   ``Genetic Optimization Using Derivatives: The rgenoud package for R.''
##   Journal of Statistical Software, 42(11): 1-26. 
##

Linking to ImageMagick 7.0.5.9
Enabled features: fontconfig, freetype, lcms, pango, x11
Disabled features: cairo, fftw, ghostscript, rsvg, webp

Attaching package: 'ggplot2'

The following object is masked from 'package:latticeExtra':

    layer

* Option 'clustermq.scheduler' not set, defaulting to 'SLURM'
--- see: https://github.com/mschubert/clustermq/wiki/Configuration

Attaching package: 'future'

The following object is masked from 'package:raster':

    values

The following object is masked from 'package:drake':

    plan


Attaching package: 'ggpubr'

The following object is masked from 'package:plyr':

    mutate

The following object is masked from 'package:raster':

    rotate

eval'd: drake::cmq_buildtargetmetadepsconfig
> WORKER_STOP (0.000s wait)
shutting down worker

Total: 0 in 15.87s [user], 0.68s [system], 20.87s [elapsed]
> 
> 
